[debug] [2022-07-19T17:09:17.998Z] ----------------------------------------------------------------------
[debug] [2022-07-19T17:09:18.000Z] Command:       C:\Program Files\nodejs\node.exe C:\Users\Jason\AppData\Roaming\npm\node_modules\firebase-tools\lib\bin\firebase.js init
[debug] [2022-07-19T17:09:18.001Z] CLI Version:   11.2.0
[debug] [2022-07-19T17:09:18.001Z] Platform:      win32
[debug] [2022-07-19T17:09:18.001Z] Node Version:  v16.15.1
[debug] [2022-07-19T17:09:18.002Z] Time:          Tue Jul 19 2022 13:09:18 GMT-0400 (Eastern Daylight Time)
[debug] [2022-07-19T17:09:18.003Z] ----------------------------------------------------------------------
[debug] 
[debug] [2022-07-19T17:09:18.006Z] >>> [apiv2][query] GET https://firebase-public.firebaseio.com/cli.json [none]
[debug] [2022-07-19T17:09:18.032Z] > command requires scopes: ["email","openid","https://www.googleapis.com/auth/cloudplatformprojects.readonly","https://www.googleapis.com/auth/firebase","https://www.googleapis.com/auth/cloud-platform"]
[debug] [2022-07-19T17:09:18.032Z] > authorizing via signed-in user (jasonyang602@gmail.com)
[info] 
     ######## #### ########  ######## ########     ###     ######  ########
     ##        ##  ##     ## ##       ##     ##  ##   ##  ##       ##
     ######    ##  ########  ######   ########  #########  ######  ######
     ##        ##  ##    ##  ##       ##     ## ##     ##       ## ##
     ##       #### ##     ## ######## ########  ##     ##  ######  ########

You're about to initialize a Firebase project in this directory:

  C:\Users\Jason\OneDrive\Documents\GitHub\Tic-Tac-Toe2

[debug] [2022-07-19T17:09:18.151Z] <<< [apiv2][status] GET https://firebase-public.firebaseio.com/cli.json 200
[debug] [2022-07-19T17:09:18.152Z] <<< [apiv2][body] GET https://firebase-public.firebaseio.com/cli.json {"cloudBuildErrorAfter":1594252800000,"cloudBuildWarnAfter":1590019200000,"defaultNode10After":1594252800000,"minVersion":"3.0.5","node8DeploysDisabledAfter":1613390400000,"node8RuntimeDisabledAfter":1615809600000,"node8WarnAfter":1600128000000}
